0 info it worked if it ends with ok
1 verbose cli [ 'C:\\Program Files (x86)\\nodejs\\node.exe',
1 verbose cli   'C:\\Program Files (x86)\\nodejs\\node_modules\\npm\\bin\\npm-cli.js',
1 verbose cli   'version',
1 verbose cli   'socket.io' ]
2 info using npm@3.3.12
3 info using node@v5.3.0
4 error version No valid package.json found
5 verbose stack TypeError: Cannot read property 'toString' of undefined
5 verbose stack     at stripBOM (C:\Program Files (x86)\nodejs\node_modules\npm\lib\utils\parse-json.js:16:20)
5 verbose stack     at module.exports (C:\Program Files (x86)\nodejs\node_modules\npm\lib\utils\parse-json.js:3:21)
5 verbose stack     at ReadFileContext.<anonymous> (C:\Program Files (x86)\nodejs\node_modules\npm\lib\version.js:36:14)
5 verbose stack     at ReadFileContext.callback (C:\Program Files (x86)\nodejs\node_modules\npm\node_modules\graceful-fs\graceful-fs.js:76:16)
5 verbose stack     at FSReqWrap.readFileAfterOpen [as oncomplete] (fs.js:324:13)
6 verbose cwd C:\wamp\www\testNodes
7 error Windows_NT 10.0.10586
8 error argv "C:\\Program Files (x86)\\nodejs\\node.exe" "C:\\Program Files (x86)\\nodejs\\node_modules\\npm\\bin\\npm-cli.js" "version" "socket.io"
9 error node v5.3.0
10 error npm  v3.3.12
11 error Cannot read property 'toString' of undefined
12 error If you need help, you may report this error at:
12 error     <https://github.com/npm/npm/issues>
13 verbose exit [ 1, true ]
